<?xml version="1.0" encoding="UTF-8" standalone="no"?>
<!DOCTYPE log SYSTEM "logger.dtd">
<log>
<record>
  <date>2020-03-17T14:09:32</date>
  <millis>1584443372348</millis>
  <sequence>0</sequence>
  <level>START</level>
  <class>com.kms.katalon.core.logging.XmlKeywordLogger</class>
  <method>startSuite</method>
  <thread>1</thread>
  <message>Start Test Suite : Test Suites/New_clientScenario</message>
  <nestedLevel>0</nestedLevel>
  <property name="name">New_clientScenario</property>
  <property name="description"></property>
  <property name="id">Test Suites/New_clientScenario</property>
</record>
<record>
  <date>2020-03-17T14:09:32</date>
  <millis>1584443372358</millis>
  <sequence>1</sequence>
  <level>RUN_DATA</level>
  <class>com.kms.katalon.core.logging.XmlKeywordLogger</class>
  <method>logMessage</method>
  <thread>1</thread>
  <message>hostName = user - DESKTOP-VS7DR70</message>
  <nestedLevel>0</nestedLevel>
  <property name="hostName">user - DESKTOP-VS7DR70</property>
</record>
<record>
  <date>2020-03-17T14:09:32</date>
  <millis>1584443372359</millis>
  <sequence>2</sequence>
  <level>RUN_DATA</level>
  <class>com.kms.katalon.core.logging.XmlKeywordLogger</class>
  <method>logMessage</method>
  <thread>1</thread>
  <message>os = Windows 10 64bit</message>
  <nestedLevel>0</nestedLevel>
  <property name="os">Windows 10 64bit</property>
</record>
<record>
  <date>2020-03-17T14:09:32</date>
  <millis>1584443372359</millis>
  <sequence>3</sequence>
  <level>RUN_DATA</level>
  <class>com.kms.katalon.core.logging.XmlKeywordLogger</class>
  <method>logMessage</method>
  <thread>1</thread>
  <message>hostAddress = 169.254.115.233</message>
  <nestedLevel>0</nestedLevel>
  <property name="hostAddress">169.254.115.233</property>
</record>
<record>
  <date>2020-03-17T14:09:32</date>
  <millis>1584443372361</millis>
  <sequence>4</sequence>
  <level>RUN_DATA</level>
  <class>com.kms.katalon.core.logging.XmlKeywordLogger</class>
  <method>logMessage</method>
  <thread>1</thread>
  <message>katalonVersion = 7.2.6.1</message>
  <nestedLevel>0</nestedLevel>
  <property name="katalonVersion">7.2.6.1</property>
</record>
<record>
  <date>2020-03-17T14:09:32</date>
  <millis>1584443372604</millis>
  <sequence>5</sequence>
  <level>END</level>
  <class>com.kms.katalon.core.logging.XmlKeywordLogger</class>
  <method>endSuite</method>
  <thread>1</thread>
  <message>End Test Suite : Test Suites/New_clientScenario</message>
  <nestedLevel>0</nestedLevel>
</record>
</log>
